                                      1 ;--------------------------------------------------------
                                      2 ; File Created by SDCC : free open source ANSI-C Compiler
                                      3 ; Version 4.2.0 #13049 (MINGW64)
                                      4 ;--------------------------------------------------------
                                      5 	.module data1
                                      6 	.optsdcc -mz80
                                      7 	
                                      8 ;--------------------------------------------------------
                                      9 ; Public variables in this module
                                     10 ;--------------------------------------------------------
                                     11 	.globl b_data1
                                     12 	.globl _data1
                                     13 ;--------------------------------------------------------
                                     14 ; special function registers
                                     15 ;--------------------------------------------------------
                                     16 ;--------------------------------------------------------
                                     17 ; ram data
                                     18 ;--------------------------------------------------------
                                     19 	.area _DATA
                                     20 ;--------------------------------------------------------
                                     21 ; ram data
                                     22 ;--------------------------------------------------------
                                     23 	.area _INITIALIZED
                                     24 ;--------------------------------------------------------
                                     25 ; absolute external ram data
                                     26 ;--------------------------------------------------------
                                     27 	.area _DABS (ABS)
                                     28 ;--------------------------------------------------------
                                     29 ; global & static initialisations
                                     30 ;--------------------------------------------------------
                                     31 	.area _HOME
                                     32 	.area _GSINIT
                                     33 	.area _GSFINAL
                                     34 	.area _GSINIT
                                     35 ;--------------------------------------------------------
                                     36 ; Home
                                     37 ;--------------------------------------------------------
                                     38 	.area _HOME
                                     39 	.area _HOME
                                     40 ;--------------------------------------------------------
                                     41 ; code
                                     42 ;--------------------------------------------------------
                                     43 	.area _BANK4
                                     44 ;src\data1.c:3: void data1(void) __banked __naked {
                                     45 ;	---------------------------------
                                     46 ; Function data1
                                     47 ; ---------------------------------
                           000004    48 	b_data1	= 4
      000000                         49 _data1::
                                     50 ;src\data1.c:6: __endasm;
      000000 6D 50 70 75 99 BD BD    51 	.incbin	"data\tile1.bin"
             BD 75 75 4C 28 28 49
             49 49 49 50 70 75 99
             BD 99 75 99 70 4C 28
             28 49 49 91 6D 50 70
             75 99 75 75 70 70 70
             4C 28 28 49 49 91 49
             50 70 70 99 99 99 99
             99 70 4C 28 28 28 49
             91 49 50 70 70 99 75
             99 99 99 70 4C 28 28
             28 4C 6D 49 50 70 70
             99 99 75 99 99 70 4C
             50 70 50 4C 6D 49 50
             70 70 99 99 99 75 75
             70 4C 50 50 50 4C 6D
             49 49 70 70 75 99 75
             99 70 50 4C 50 50 4C
             4C 49
                                     52 ;src\data1.c:7: }
                                     53 	.area _BANK4
                                     54 	.area _INITIALIZER
                                     55 	.area _CABS (ABS)
