                                      1 ;--------------------------------------------------------
                                      2 ; File Created by SDCC : free open source ANSI-C Compiler
                                      3 ; Version 4.2.0 #13081 (MINGW64)
                                      4 ;--------------------------------------------------------
                                      5 	.module data_levels
                                      6 	.optsdcc -mz80
                                      7 	
                                      8 ;--------------------------------------------------------
                                      9 ; Public variables in this module
                                     10 ;--------------------------------------------------------
                                     11 	.globl b_DataLevelMap
                                     12 	.globl _DataLevelMap
                                     13 	.globl b_sprite_colors
                                     14 	.globl _sprite_colors
                                     15 	.globl b_sprite_patterns
                                     16 	.globl _sprite_patterns
                                     17 ;--------------------------------------------------------
                                     18 ; special function registers
                                     19 ;--------------------------------------------------------
                                     20 ;--------------------------------------------------------
                                     21 ; ram data
                                     22 ;--------------------------------------------------------
                                     23 	.area _DATA
                                     24 ;--------------------------------------------------------
                                     25 ; ram data
                                     26 ;--------------------------------------------------------
                                     27 	.area _INITIALIZED
                                     28 ;--------------------------------------------------------
                                     29 ; absolute external ram data
                                     30 ;--------------------------------------------------------
                                     31 	.area _DABS (ABS)
                                     32 ;--------------------------------------------------------
                                     33 ; global & static initialisations
                                     34 ;--------------------------------------------------------
                                     35 	.area _HOME
                                     36 	.area _GSINIT
                                     37 	.area _GSFINAL
                                     38 	.area _GSINIT
                                     39 ;--------------------------------------------------------
                                     40 ; Home
                                     41 ;--------------------------------------------------------
                                     42 	.area _HOME
                                     43 	.area _HOME
                                     44 ;--------------------------------------------------------
                                     45 ; code
                                     46 ;--------------------------------------------------------
                                     47 	.area _BANK6
                                     48 ;src\data_levels.c:3: void sprite_patterns(void) __banked __naked
                                     49 ;	---------------------------------
                                     50 ; Function sprite_patterns
                                     51 ; ---------------------------------
                           000006    52 	b_sprite_patterns	= 6
      000000                         53 _sprite_patterns::
                                     54 ;src\data_levels.c:7: __endasm;	
      000000 00 00 00 00 00 0B 1F    55 	.incbin	"data\knight_frm.bin"
             3E 6E F7 FB FF FF F9
             FE BF 00 00 00 00 00
             B8 1C BE 1B 3F FF BF
             BF AC 1C 3E 00 00 00
             01 03 00 08 09 35 7A
             7D 3B 07 27 61 40 00
             00 00 F8 F0 40 E8 48
             E6 D6 36 F6 F0 F0 E8
             C0 FF 7F 3F 00 DF EF
             EF FF CF 07 03 00 00
             00 00 00 FF DF BF 00
             F0 F0 78 08 F8 FC FC
             FC 64 5C 7E 00 38 3C
             00 FF 38 58 5C 4C 04
             00 00 00 00 00 00 00
             0E 2E 40 F0 00 00 80
             F0 00 78 78 78 38 20
             1C 7E
                                     56 ;src\data_levels.c:8: }
                                     57 ;src\data_levels.c:10: void sprite_colors(void) __banked __naked
                                     58 ;	---------------------------------
                                     59 ; Function sprite_colors
                                     60 ; ---------------------------------
                           000006    61 	b_sprite_colors	= 6
      000B00                         62 _sprite_colors::
                                     63 ;src\data_levels.c:14: __endasm;	
      000B00 00 00 00 00 00 01 01    64 	.incbin	"data\knight_clr.bin"
             01 01 01 01 01 01 01
             01 01 01 01 01 01 01
             08 48 48 48 48 48 48
             48 48 48 08 01 01 01
             00 01 01 01 01 01 01
             01 01 01 01 01 00 48
             48 08 01 48 48 48 48
             48 48 48 48 48 08 48
             01 00 00 00 00 01 01
             01 01 01 01 01 01 01
             01 01 01 01 01 01 01
             08 48 48 48 48 48 48
             48 48 48 08 48 01 01
             00 00 00 00 01 01 01
             01 01 01 01 01 01 00
             48 08 01 01 01 01 08
             08 48 48 48 48 48 08
             48 01
                                     65 ;src\data_levels.c:15: }
                                     66 ;src\data_levels.c:17: void DataLevelMap(void) __banked __naked 
                                     67 ;	---------------------------------
                                     68 ; Function DataLevelMap
                                     69 ; ---------------------------------
                           000006    70 	b_DataLevelMap	= 6
      001080                         71 _DataLevelMap::
                                     72 ;src\data_levels.c:21: __endasm;
      001080 64 18 47 77 6C 6F 6F    73 	.incbin	"data\datamap.bin"
             6F 6F 6F 6F 6F 6F 00
             47 77 6C 6F 6F 6F 6F
             6F 6F 6F 6F 00 2F 61
             50 54 54 54 54 54 54
             54 54 00 2F 61 50 54
             54 54 54 54 54 54 54
             00 06 14 1C 27 2E 43
             4E 7A 66 77 6F 00 06
             14 1C 27 2E 43 4E 28
             43 7A 66 00 06 13 1F
             22 25 4E 43 75 3C 61
             54 00 06 13 1F 22 25
             28 43 34 28 75 3C 00
             09 0E 19 12 1A 40 60
             69 33 32 4D 00 4B 4B
             4B 4B 3D 55 4B 3D 55
             69 33 00 04 0A 23 18
             15 38
                                     74 ;src\data_levels.c:22: }
                                     75 	.area _BANK6
                                     76 	.area _INITIALIZER
                                     77 	.area _CABS (ABS)
