                                      1 ;--------------------------------------------------------
                                      2 ; File Created by SDCC : free open source ANSI-C Compiler
                                      3 ; Version 4.2.0 #13049 (MINGW64)
                                      4 ;--------------------------------------------------------
                                      5 	.module data0
                                      6 	.optsdcc -mz80
                                      7 	
                                      8 ;--------------------------------------------------------
                                      9 ; Public variables in this module
                                     10 ;--------------------------------------------------------
                                     11 	.globl b_data0
                                     12 	.globl _data0
                                     13 ;--------------------------------------------------------
                                     14 ; special function registers
                                     15 ;--------------------------------------------------------
                                     16 ;--------------------------------------------------------
                                     17 ; ram data
                                     18 ;--------------------------------------------------------
                                     19 	.area _DATA
                                     20 ;--------------------------------------------------------
                                     21 ; ram data
                                     22 ;--------------------------------------------------------
                                     23 	.area _INITIALIZED
                                     24 ;--------------------------------------------------------
                                     25 ; absolute external ram data
                                     26 ;--------------------------------------------------------
                                     27 	.area _DABS (ABS)
                                     28 ;--------------------------------------------------------
                                     29 ; global & static initialisations
                                     30 ;--------------------------------------------------------
                                     31 	.area _HOME
                                     32 	.area _GSINIT
                                     33 	.area _GSFINAL
                                     34 	.area _GSINIT
                                     35 ;--------------------------------------------------------
                                     36 ; Home
                                     37 ;--------------------------------------------------------
                                     38 	.area _HOME
                                     39 	.area _HOME
                                     40 ;--------------------------------------------------------
                                     41 ; code
                                     42 ;--------------------------------------------------------
                                     43 	.area _BANK2
                                     44 ;src\data0.c:3: void data0(void) __banked __naked {
                                     45 ;	---------------------------------
                                     46 ; Function data0
                                     47 ; ---------------------------------
                           000002    48 	b_data0	= 2
      000000                         49 _data0::
                                     50 ;src\data0.c:6: __endasm;
      000000 00 00 00 00 00 00 00    51 	.incbin	"data\tile0.bin"
             00 00 00 00 00 00 00
             00 00 00 00 00 00 00
             00 00 00 00 00 00 00
             00 00 00 00 00 00 00
             00 00 00 00 00 00 00
             00 00 00 00 00 00 00
             00 00 00 00 00 00 00
             00 00 00 00 00 00 00
             00 00 00 00 00 00 00
             00 00 00 00 00 00 00
             00 00 00 00 00 00 00
             00 00 00 00 00 00 00
             00 00 00 00 00 00 00
             00 00 00 00 00 00 00
             00 00 00 00 00 00 00
             00 00 00 00 00 00 00
             00 00 00 00 00 00 00
             00 00
                                     52 ;src\data0.c:7: }
                                     53 	.area _BANK2
                                     54 	.area _INITIALIZER
                                     55 	.area _CABS (ABS)
